2020/04/12 16:41:04 [error] [exception.CException] CException: Alias "application.widgets.topheader" is invalid. Make sure it points to an existing PHP file and the file is readable. in C:\xampp\htdocs\mau1\framework\YiiBase.php:323
Stack trace:
#0 C:\xampp\htdocs\mau1\framework\web\CWidgetFactory.php(146): YiiBase::import('application.wid...', true)
#1 C:\xampp\htdocs\mau1\framework\web\CBaseController.php(146): CWidgetFactory->createWidget(Object(HomeController), 'application.wid...', Array)
#2 C:\xampp\htdocs\mau1\framework\web\CBaseController.php(180): CBaseController->createWidget('application.wid...', Array)
#3 C:\xampp\htdocs\mau1\protected\views\layouts\main.php(96): CBaseController->widget('application.wid...')
#4 C:\xampp\htdocs\mau1\framework\web\CBaseController.php(126): require('C:\\xampp\\htdocs...')
#5 C:\xampp\htdocs\mau1\framework\web\CBaseController.php(95): CBaseController->renderInternal('C:\\xampp\\htdocs...', Array, true)
#6 C:\xampp\htdocs\mau1\framework\web\CController.php(784): CBaseController->renderFile('C:\\xampp\\htdocs...', Array, true)
#7 C:\xampp\htdocs\mau1\protected\controllers\HomeController.php(26): CController->render('index', Array)
#8 C:\xampp\htdocs\mau1\framework\web\actions\CInlineAction.php(49): HomeController->actionIndex()
#9 C:\xampp\htdocs\mau1\framework\web\CController.php(308): CInlineAction->runWithParams(Array)
#10 C:\xampp\htdocs\mau1\framework\web\CController.php(286): CController->runAction(Object(CInlineAction))
#11 C:\xampp\htdocs\mau1\framework\web\CController.php(265): CController->runActionWithFilters(Object(CInlineAction), Array)
#12 C:\xampp\htdocs\mau1\framework\web\CWebApplication.php(282): CController->run('')
#13 C:\xampp\htdocs\mau1\framework\web\CWebApplication.php(141): CWebApplication->runController('')
#14 C:\xampp\htdocs\mau1\framework\base\CApplication.php(184): CWebApplication->processRequest()
#15 C:\xampp\htdocs\mau1\index.php(13): CApplication->run()
#16 {main}
REQUEST_URI=/mau1/
HTTP_REFERER=http://localhost:8081/mau1/About
---
2020/04/12 16:41:13 [error] [exception.CException] CException: Alias "application.widgets.topheader" is invalid. Make sure it points to an existing PHP file and the file is readable. in C:\xampp\htdocs\mau1\framework\YiiBase.php:323
Stack trace:
#0 C:\xampp\htdocs\mau1\framework\web\CWidgetFactory.php(146): YiiBase::import('application.wid...', true)
#1 C:\xampp\htdocs\mau1\framework\web\CBaseController.php(146): CWidgetFactory->createWidget(Object(HomeController), 'application.wid...', Array)
#2 C:\xampp\htdocs\mau1\framework\web\CBaseController.php(180): CBaseController->createWidget('application.wid...', Array)
#3 C:\xampp\htdocs\mau1\protected\views\layouts\main.php(96): CBaseController->widget('application.wid...')
#4 C:\xampp\htdocs\mau1\framework\web\CBaseController.php(126): require('C:\\xampp\\htdocs...')
#5 C:\xampp\htdocs\mau1\framework\web\CBaseController.php(95): CBaseController->renderInternal('C:\\xampp\\htdocs...', Array, true)
#6 C:\xampp\htdocs\mau1\framework\web\CController.php(784): CBaseController->renderFile('C:\\xampp\\htdocs...', Array, true)
#7 C:\xampp\htdocs\mau1\protected\controllers\HomeController.php(26): CController->render('index', Array)
#8 C:\xampp\htdocs\mau1\framework\web\actions\CInlineAction.php(49): HomeController->actionIndex()
#9 C:\xampp\htdocs\mau1\framework\web\CController.php(308): CInlineAction->runWithParams(Array)
#10 C:\xampp\htdocs\mau1\framework\web\CController.php(286): CController->runAction(Object(CInlineAction))
#11 C:\xampp\htdocs\mau1\framework\web\CController.php(265): CController->runActionWithFilters(Object(CInlineAction), Array)
#12 C:\xampp\htdocs\mau1\framework\web\CWebApplication.php(282): CController->run('')
#13 C:\xampp\htdocs\mau1\framework\web\CWebApplication.php(141): CWebApplication->runController('')
#14 C:\xampp\htdocs\mau1\framework\base\CApplication.php(184): CWebApplication->processRequest()
#15 C:\xampp\htdocs\mau1\index.php(13): CApplication->run()
#16 {main}
REQUEST_URI=/mau1/
HTTP_REFERER=http://localhost:8081/mau1/About
---
2020/04/12 16:42:33 [error] [exception.CException] CException: Alias "application.widgets.topheader" is invalid. Make sure it points to an existing PHP file and the file is readable. in C:\xampp\htdocs\mau1\framework\YiiBase.php:323
Stack trace:
#0 C:\xampp\htdocs\mau1\framework\web\CWidgetFactory.php(146): YiiBase::import('application.wid...', true)
#1 C:\xampp\htdocs\mau1\framework\web\CBaseController.php(146): CWidgetFactory->createWidget(Object(HomeController), 'application.wid...', Array)
#2 C:\xampp\htdocs\mau1\framework\web\CBaseController.php(180): CBaseController->createWidget('application.wid...', Array)
#3 C:\xampp\htdocs\mau1\protected\views\layouts\main.php(96): CBaseController->widget('application.wid...')
#4 C:\xampp\htdocs\mau1\framework\web\CBaseController.php(126): require('C:\\xampp\\htdocs...')
#5 C:\xampp\htdocs\mau1\framework\web\CBaseController.php(95): CBaseController->renderInternal('C:\\xampp\\htdocs...', Array, true)
#6 C:\xampp\htdocs\mau1\framework\web\CController.php(784): CBaseController->renderFile('C:\\xampp\\htdocs...', Array, true)
#7 C:\xampp\htdocs\mau1\protected\controllers\HomeController.php(26): CController->render('index', Array)
#8 C:\xampp\htdocs\mau1\framework\web\actions\CInlineAction.php(49): HomeController->actionIndex()
#9 C:\xampp\htdocs\mau1\framework\web\CController.php(308): CInlineAction->runWithParams(Array)
#10 C:\xampp\htdocs\mau1\framework\web\CController.php(286): CController->runAction(Object(CInlineAction))
#11 C:\xampp\htdocs\mau1\framework\web\CController.php(265): CController->runActionWithFilters(Object(CInlineAction), Array)
#12 C:\xampp\htdocs\mau1\framework\web\CWebApplication.php(282): CController->run('')
#13 C:\xampp\htdocs\mau1\framework\web\CWebApplication.php(141): CWebApplication->runController('')
#14 C:\xampp\htdocs\mau1\framework\base\CApplication.php(184): CWebApplication->processRequest()
#15 C:\xampp\htdocs\mau1\index.php(13): CApplication->run()
#16 {main}
REQUEST_URI=/mau1/
HTTP_REFERER=http://localhost:8081/mau1/About
---
2020/04/12 16:42:38 [error] [exception.CException] CException: Alias "application.widgets.topheader" is invalid. Make sure it points to an existing PHP file and the file is readable. in C:\xampp\htdocs\mau1\framework\YiiBase.php:323
Stack trace:
#0 C:\xampp\htdocs\mau1\framework\web\CWidgetFactory.php(146): YiiBase::import('application.wid...', true)
#1 C:\xampp\htdocs\mau1\framework\web\CBaseController.php(146): CWidgetFactory->createWidget(Object(HomeController), 'application.wid...', Array)
#2 C:\xampp\htdocs\mau1\framework\web\CBaseController.php(180): CBaseController->createWidget('application.wid...', Array)
#3 C:\xampp\htdocs\mau1\protected\views\layouts\main.php(96): CBaseController->widget('application.wid...')
#4 C:\xampp\htdocs\mau1\framework\web\CBaseController.php(126): require('C:\\xampp\\htdocs...')
#5 C:\xampp\htdocs\mau1\framework\web\CBaseController.php(95): CBaseController->renderInternal('C:\\xampp\\htdocs...', Array, true)
#6 C:\xampp\htdocs\mau1\framework\web\CController.php(784): CBaseController->renderFile('C:\\xampp\\htdocs...', Array, true)
#7 C:\xampp\htdocs\mau1\protected\controllers\HomeController.php(26): CController->render('index', Array)
#8 C:\xampp\htdocs\mau1\framework\web\actions\CInlineAction.php(49): HomeController->actionIndex()
#9 C:\xampp\htdocs\mau1\framework\web\CController.php(308): CInlineAction->runWithParams(Array)
#10 C:\xampp\htdocs\mau1\framework\web\CController.php(286): CController->runAction(Object(CInlineAction))
#11 C:\xampp\htdocs\mau1\framework\web\CController.php(265): CController->runActionWithFilters(Object(CInlineAction), Array)
#12 C:\xampp\htdocs\mau1\framework\web\CWebApplication.php(282): CController->run('')
#13 C:\xampp\htdocs\mau1\framework\web\CWebApplication.php(141): CWebApplication->runController('')
#14 C:\xampp\htdocs\mau1\framework\base\CApplication.php(184): CWebApplication->processRequest()
#15 C:\xampp\htdocs\mau1\index.php(13): CApplication->run()
#16 {main}
REQUEST_URI=/mau1/
---
2020/04/12 17:47:12 [error] [system.db.CDbCommand] CDbCommand::fetchAll() failed: SQLSTATE[42S22]: Column not found: 1054 Unknown column 'code' in 'field list'. The SQL statement executed was: SELECT `id_color`, `name`, `code`
FROM `tbl_color`.
in C:\xampp\htdocs\mau1\protected\models\Color.php (28)
in C:\xampp\htdocs\mau1\protected\controllers\CategoryController.php (25)
in C:\xampp\htdocs\mau1\index.php (13)
2020/04/12 17:47:12 [error] [exception.CDbException] CDbException: CDbCommand failed to execute the SQL statement: SQLSTATE[42S22]: Column not found: 1054 Unknown column 'code' in 'field list'. The SQL statement executed was: SELECT `id_color`, `name`, `code`
FROM `tbl_color` in C:\xampp\htdocs\mau1\framework\db\CDbCommand.php:543
Stack trace:
#0 C:\xampp\htdocs\mau1\framework\db\CDbCommand.php(396): CDbCommand->queryInternal('fetchAll', Array, Array)
#1 C:\xampp\htdocs\mau1\protected\models\Color.php(28): CDbCommand->queryAll()
#2 C:\xampp\htdocs\mau1\protected\controllers\CategoryController.php(25): Color::getAllColor('id_color,name,c...')
#3 [internal function]: CategoryController->actionListProduct('1')
#4 C:\xampp\htdocs\mau1\framework\web\actions\CAction.php(109): ReflectionMethod->invokeArgs(Object(CategoryController), Array)
#5 C:\xampp\htdocs\mau1\framework\web\actions\CInlineAction.php(47): CAction->runWithParamsInternal(Object(CategoryController), Object(ReflectionMethod), Array)
#6 C:\xampp\htdocs\mau1\framework\web\CController.php(308): CInlineAction->runWithParams(Array)
#7 C:\xampp\htdocs\mau1\framework\web\CController.php(286): CController->runAction(Object(CInlineAction))
#8 C:\xampp\htdocs\mau1\framework\web\CController.php(265): CController->runActionWithFilters(Object(CInlineAction), Array)
#9 C:\xampp\htdocs\mau1\framework\web\CWebApplication.php(282): CController->run('ListProduct')
#10 C:\xampp\htdocs\mau1\framework\web\CWebApplication.php(141): CWebApplication->runController('Category/ListPr...')
#11 C:\xampp\htdocs\mau1\framework\base\CApplication.php(184): CWebApplication->processRequest()
#12 C:\xampp\htdocs\mau1\index.php(13): CApplication->run()
#13 {main}
REQUEST_URI=/mau1/Category/ListProduct/id/1
HTTP_REFERER=http://localhost:8081/mau1/
---
2020/04/12 17:48:02 [error] [system.db.CDbCommand] CDbCommand::fetchAll() failed: SQLSTATE[42S22]: Column not found: 1054 Unknown column 'code' in 'field list'. The SQL statement executed was: SELECT `id_color`, `name`, `code`
FROM `tbl_color`.
in C:\xampp\htdocs\mau1\protected\models\Color.php (28)
in C:\xampp\htdocs\mau1\protected\controllers\CategoryController.php (25)
in C:\xampp\htdocs\mau1\index.php (13)
2020/04/12 17:48:02 [error] [exception.CDbException] CDbException: CDbCommand failed to execute the SQL statement: SQLSTATE[42S22]: Column not found: 1054 Unknown column 'code' in 'field list'. The SQL statement executed was: SELECT `id_color`, `name`, `code`
FROM `tbl_color` in C:\xampp\htdocs\mau1\framework\db\CDbCommand.php:543
Stack trace:
#0 C:\xampp\htdocs\mau1\framework\db\CDbCommand.php(396): CDbCommand->queryInternal('fetchAll', Array, Array)
#1 C:\xampp\htdocs\mau1\protected\models\Color.php(28): CDbCommand->queryAll()
#2 C:\xampp\htdocs\mau1\protected\controllers\CategoryController.php(25): Color::getAllColor('id_color,name,c...')
#3 [internal function]: CategoryController->actionListProduct('1')
#4 C:\xampp\htdocs\mau1\framework\web\actions\CAction.php(109): ReflectionMethod->invokeArgs(Object(CategoryController), Array)
#5 C:\xampp\htdocs\mau1\framework\web\actions\CInlineAction.php(47): CAction->runWithParamsInternal(Object(CategoryController), Object(ReflectionMethod), Array)
#6 C:\xampp\htdocs\mau1\framework\web\CController.php(308): CInlineAction->runWithParams(Array)
#7 C:\xampp\htdocs\mau1\framework\web\CController.php(286): CController->runAction(Object(CInlineAction))
#8 C:\xampp\htdocs\mau1\framework\web\CController.php(265): CController->runActionWithFilters(Object(CInlineAction), Array)
#9 C:\xampp\htdocs\mau1\framework\web\CWebApplication.php(282): CController->run('ListProduct')
#10 C:\xampp\htdocs\mau1\framework\web\CWebApplication.php(141): CWebApplication->runController('Category/ListPr...')
#11 C:\xampp\htdocs\mau1\framework\base\CApplication.php(184): CWebApplication->processRequest()
#12 C:\xampp\htdocs\mau1\index.php(13): CApplication->run()
#13 {main}
REQUEST_URI=/mau1/Category/ListProduct/id/1
HTTP_REFERER=http://localhost:8081/mau1/
---
